<?xml version="1.0" encoding="UTF-8"?>
<testsuite xmlns:xsi="http://www.w3.org/2001/XMLSchema-instance" xsi:noNamespaceSchemaLocation="https://maven.apache.org/surefire/maven-surefire-plugin/xsd/surefire-test-report.xsd" version="3.0.2" name="DatabaseTestCases" time="0.176" tests="15" errors="0" skipped="0" failures="0">
  <properties>
[...]
</properties>
  <testcase name="testGetMessagesSelfMessagingException" classname="DatabaseTestCases" time="0.079"/>
  <testcase name="testGetMessagesNonExistentUsers" classname="DatabaseTestCases" time="0.006"/>
  <testcase name="testAddUserUniqueUsername" classname="DatabaseTestCases" time="0.003"/>
  <testcase name="testGetUsers" classname="DatabaseTestCases" time="0.003"/>
  <testcase name="testLoadMessagesFileInput" classname="DatabaseTestCases" time="0.007"/>
  <testcase name="testValidateNewUserUsernameInPassword" classname="DatabaseTestCases" time="0.003"/>
  <testcase name="testLoadUsersWithInvalidFormat" classname="DatabaseTestCases" time="0.004">
    <system-out><![CDATA[Invalid format: missing username or password
]]></system-out>
  </testcase>
  <testcase name="testGetMessagesValidConversation" classname="DatabaseTestCases" time="0.004"/>
  <testcase name="testSaveMessagesFileOutput" classname="DatabaseTestCases" time="0.004"/>
  <testcase name="testGetUserNonExistentUser" classname="DatabaseTestCases" time="0.002"/>
  <testcase name="testSaveUsers_CreatesFileIfNotExists" classname="DatabaseTestCases" time="0.002"/>
  <testcase name="testAddMessageWithBlockedUser" classname="DatabaseTestCases" time="0.003"/>
  <testcase name="testSaveUsersFileOutput" classname="DatabaseTestCases" time="0.004"/>
  <testcase name="testGetUserExistingUser" classname="DatabaseTestCases" time="0.003"/>
  <testcase name="testAddMessageWithFriendsOnlyMode" classname="DatabaseTestCases" time="0.004"/>
</testsuite>